yarn run v1.22.19
$ docusaurus build
(node:20390) [DEP0040] DeprecationWarning: The `punycode` module is deprecated. Please use a userland alternative instead.
(Use `node --trace-deprecation ...` to show where the warning was created)
[INFO] [en] Creating an optimized production build...
[WARNING] Error: Failed to retrieve the git history for file "/home/jhk/projects/suse/lhws-mig-h2d/kb/index.md" because the file is not tracked by git.
[WARNING] Error: Failed to retrieve the git history for file "/home/jhk/projects/suse/lhws-mig-h2d/blog/index.md" because the file is not tracked by git.
ℹ Compiling Client
ℹ Compiling Server
✔ Client: Compiled successfully in 17.62s
✔ Server: Compiled successfully in 23.90s
[WARNING] Docusaurus found broken links!

Please check the pages of your site in the list below, and make sure you don't reference any path that does not exist.
Note: it's possible to ignore broken links with the 'onBrokenLinks' Docusaurus configuration, and let the build pass.

It looks like some of the broken links we found appear in many pages of your site.
Maybe those broken links appear on all pages through your site layout?
We recommend that you check your theme configuration for such links (particularly, theme navbar and footer).
Frequent broken links are linking to:
- ../../data-recovery/export-from-replica
- ../customizing-default-settings/
- ../../maintenance/maintenance/#node-drain-policy-recommendations
- ../../v2-data-engine/
- ../#installation-requirements
- ../../accessing-the-ui/longhorn-ingress
- ../../accessing-the-ui
- ../metrics
- ../enable-csi-snapshot-support

Exhaustive list of all broken links found:
- Broken link on source page path = /kb:
   -> linking to ../troubleshooting-volume-attachment-fails-due-to-selinux-denials (resolved as: /troubleshooting-volume-attachment-fails-due-to-selinux-denials)
   -> linking to ../../docs/1.5.1/volumes-and-nodes/volume-size/#volume-actual-size (resolved as: /docs/1.5.1/volumes-and-nodes/volume-size/#volume-actual-size)
   -> linking to ../../docs/1.5.1/snapshots-and-backups/scheduling-backups-and-snapshots (resolved as: /docs/1.5.1/snapshots-and-backups/scheduling-backups-and-snapshots)
   -> linking to ../../docs/1.5.1/volumes-and-nodes/trim-filesystem (resolved as: /docs/1.5.1/volumes-and-nodes/trim-filesystem)
   -> linking to ../../docs/1.5.1/high-availability/auto-balance-replicas (resolved as: /docs/1.5.1/high-availability/auto-balance-replicas)
   -> linking to ../../docs/1.5.1/volumes-and-nodes/maintenance (resolved as: /docs/1.5.1/volumes-and-nodes/maintenance)
   -> linking to ../../docs/1.5.1/snapshots-and-backups/backup-and-restore/restore-from-a-backup (resolved as: /docs/1.5.1/snapshots-and-backups/backup-and-restore/restore-from-a-backup)
   -> linking to ../../docs/1.5.1/volumes-and-nodes/expansion (resolved as: /docs/1.5.1/volumes-and-nodes/expansion)
   -> linking to ../troubleshooting-volumes-stuck-in-attach-detach-loop-when-using-longhorn-on-okd/ (resolved as: /troubleshooting-volumes-stuck-in-attach-detach-loop-when-using-longhorn-on-okd/)
- Broken link on source page path = /kb/selinux-and-longhorn:
   -> linking to ../troubleshooting-volume-attachment-fails-due-to-selinux-denials (resolved as: /troubleshooting-volume-attachment-fails-due-to-selinux-denials)
- Broken link on source page path = /kb/space-consumption-guideline:
   -> linking to ../../docs/1.5.1/volumes-and-nodes/volume-size/#volume-actual-size (resolved as: /docs/1.5.1/volumes-and-nodes/volume-size/#volume-actual-size)
   -> linking to ../../docs/1.5.1/snapshots-and-backups/scheduling-backups-and-snapshots (resolved as: /docs/1.5.1/snapshots-and-backups/scheduling-backups-and-snapshots)
   -> linking to ../../docs/1.5.1/volumes-and-nodes/trim-filesystem (resolved as: /docs/1.5.1/volumes-and-nodes/trim-filesystem)
   -> linking to ../../docs/1.5.1/high-availability/auto-balance-replicas (resolved as: /docs/1.5.1/high-availability/auto-balance-replicas)
- Broken link on source page path = /kb/troubleshooting-unexpected-expansion-leads-to-degradation-or-attach-failure:
   -> linking to ../../docs/1.5.1/volumes-and-nodes/maintenance (resolved as: /docs/1.5.1/volumes-and-nodes/maintenance)
   -> linking to ../../docs/1.5.1/snapshots-and-backups/backup-and-restore/restore-from-a-backup (resolved as: /docs/1.5.1/snapshots-and-backups/backup-and-restore/restore-from-a-backup)
   -> linking to ../../docs/1.5.1/volumes-and-nodes/expansion (resolved as: /docs/1.5.1/volumes-and-nodes/expansion)
- Broken link on source page path = /kb/troubleshooting-volume-attachment-fails-due-to-selinux-denials:
   -> linking to ../troubleshooting-volumes-stuck-in-attach-detach-loop-when-using-longhorn-on-okd/ (resolved as: /troubleshooting-volumes-stuck-in-attach-detach-loop-when-using-longhorn-on-okd/)
- Broken link on source page path = /docs/1.6.1/advanced-resources/backing-image/:
   -> linking to ../backing-image-backup (resolved as: /docs/1.6.1/advanced-resources/backing-image-backup)
- Broken link on source page path = /docs/1.6.1/advanced-resources/cluster-restore/rancher-cluster-restore:
   -> linking to ../../data-recovery/export-from-replica (resolved as: /docs/1.6.1/data-recovery/export-from-replica)
- Broken link on source page path = /docs/1.6.1/advanced-resources/data-recovery/data-error:
   -> linking to ../corrupted-replica (resolved as: /docs/1.6.1/advanced-resources/corrupted-replica)
- Broken link on source page path = /docs/1.6.1/advanced-resources/deploy/node-selector:
   -> linking to ../customizing-default-settings/ (resolved as: /docs/1.6.1/advanced-resources/customizing-default-settings/)
- Broken link on source page path = /docs/1.6.1/advanced-resources/deploy/priority-class:
   -> linking to ../customizing-default-settings/ (resolved as: /docs/1.6.1/advanced-resources/customizing-default-settings/)
- Broken link on source page path = /docs/1.6.1/advanced-resources/deploy/rancher_windows_cluster:
   -> linking to ../node-selector (resolved as: /docs/1.6.1/advanced-resources/node-selector)
   -> linking to ../taint-toleration (resolved as: /docs/1.6.1/advanced-resources/taint-toleration)
- Broken link on source page path = /docs/1.6.1/advanced-resources/deploy/storage-network:
   -> linking to ../customizing-default-settings/ (resolved as: /docs/1.6.1/advanced-resources/customizing-default-settings/)
- Broken link on source page path = /docs/1.6.1/advanced-resources/deploy/taint-toleration:
   -> linking to ../customizing-default-settings/ (resolved as: /docs/1.6.1/advanced-resources/customizing-default-settings/)
- Broken link on source page path = /docs/1.6.1/advanced-resources/os-distro-specific/talos-linux-support:
   -> linking to ../../../deploy/install/#root-and-privileged-permission (resolved as: /docs/deploy/install/#root-and-privileged-permission)
- Broken link on source page path = /docs/1.6.1/advanced-resources/rebuilding/fast-replica-rebuild:
   -> linking to ../../data-integrity/snapshot-data-integrity-check (resolved as: /docs/1.6.1/data-integrity/snapshot-data-integrity-check)
- Broken link on source page path = /docs/1.6.1/advanced-resources/support-managed-k8s-service/upgrade-k8s-on-eks:
   -> linking to ../manage-node-group-on-eks#create-additional-volume (resolved as: /docs/1.6.1/advanced-resources/manage-node-group-on-eks#create-additional-volume)
- Broken link on source page path = /docs/1.6.1/advanced-resources/system-backup-restore/backup-longhorn-system:
   -> linking to ../restore-longhorn-system/#prerequisite (resolved as: /docs/1.6.1/advanced-resources/restore-longhorn-system/#prerequisite)
- Broken link on source page path = /docs/1.6.1/advanced-resources/system-backup-restore/restore-longhorn-system:
   -> linking to ../backup-longhorn-system#longhorn-system-backup-bundle (resolved as: /docs/1.6.1/advanced-resources/backup-longhorn-system#longhorn-system-backup-bundle)
   -> linking to ../backup-longhorn-system#create-longhorn-system-backup (resolved as: /docs/1.6.1/advanced-resources/backup-longhorn-system#create-longhorn-system-backup)
- Broken link on source page path = /docs/1.6.1/advanced-resources/system-backup-restore/restore-to-a-cluster-contains-data-using-Rancher-snapshot:
   -> linking to ../../data-recovery/export-from-replica (resolved as: /docs/1.6.1/data-recovery/export-from-replica)
- Broken link on source page path = /docs/1.6.1/concepts:
   -> linking to ../deploy/install/#installation-requirements (resolved as: /docs/deploy/install/#installation-requirements)
- Broken link on source page path = /docs/1.6.1/deploy/important-notes/:
   -> linking to ../../maintenance/maintenance/#node-drain-policy-recommendations (resolved as: /docs/1.6.1/maintenance/maintenance/#node-drain-policy-recommendations)
   -> linking to ../../deploy/upgrade/#upgrade-path-enforcement-and-downgrade-prevention (resolved as: /docs/1.6.1/deploy/upgrade/#upgrade-path-enforcement-and-downgrade-prevention)
   -> linking to ../../v2-data-engine/ (resolved as: /docs/1.6.1/v2-data-engine/)
- Broken link on source page path = /docs/1.6.1/deploy/install/airgap:
   -> linking to ./#recommendation (resolved as: /docs/1.6.1/deploy/install/#recommendation)
- Broken link on source page path = /docs/1.6.1/deploy/install/install-with-argocd:
   -> linking to ../#installation-requirements (resolved as: /docs/1.6.1/deploy/#installation-requirements)
   -> linking to ../../accessing-the-ui/longhorn-ingress (resolved as: /docs/1.6.1/accessing-the-ui/longhorn-ingress)
   -> linking to ../../accessing-the-ui (resolved as: /docs/1.6.1/accessing-the-ui)
- Broken link on source page path = /docs/1.6.1/deploy/install/install-with-fleet:
   -> linking to ../#installation-requirements (resolved as: /docs/1.6.1/deploy/#installation-requirements)
   -> linking to ../../accessing-the-ui/longhorn-ingress (resolved as: /docs/1.6.1/accessing-the-ui/longhorn-ingress)
   -> linking to ../../accessing-the-ui (resolved as: /docs/1.6.1/accessing-the-ui)
- Broken link on source page path = /docs/1.6.1/deploy/install/install-with-flux:
   -> linking to ../#installation-requirements (resolved as: /docs/1.6.1/deploy/#installation-requirements)
   -> linking to ../../accessing-the-ui/longhorn-ingress (resolved as: /docs/1.6.1/accessing-the-ui/longhorn-ingress)
   -> linking to ../../accessing-the-ui (resolved as: /docs/1.6.1/accessing-the-ui)
- Broken link on source page path = /docs/1.6.1/deploy/install/install-with-helm:
   -> linking to ../#installation-requirements (resolved as: /docs/1.6.1/deploy/#installation-requirements)
   -> linking to ../../accessing-the-ui/longhorn-ingress (resolved as: /docs/1.6.1/accessing-the-ui/longhorn-ingress)
   -> linking to ../../accessing-the-ui (resolved as: /docs/1.6.1/accessing-the-ui)
- Broken link on source page path = /docs/1.6.1/deploy/install/install-with-kubectl:
   -> linking to ../#installation-requirements (resolved as: /docs/1.6.1/deploy/#installation-requirements)
   -> linking to ../../accessing-the-ui/longhorn-ingress (resolved as: /docs/1.6.1/accessing-the-ui/longhorn-ingress)
   -> linking to ../../accessing-the-ui (resolved as: /docs/1.6.1/accessing-the-ui)
- Broken link on source page path = /docs/1.6.1/deploy/install/install-with-rancher:
   -> linking to ../../upgrade (resolved as: /docs/1.6.1/upgrade)
   -> linking to ../#installation-requirements (resolved as: /docs/1.6.1/deploy/#installation-requirements)
- Broken link on source page path = /docs/1.6.1/deploy/upgrade/longhorn-manager:
   -> linking to ../../install/airgap/#using-a-rancher-app (resolved as: /docs/1.6.1/install/airgap/#using-a-rancher-app)
   -> linking to ../upgrade-engine (resolved as: /docs/1.6.1/deploy/upgrade-engine)
- Broken link on source page path = /docs/1.6.1/maintenance/:
   -> linking to ../../advanced-resources/support-managed-k8s-service (resolved as: /docs/advanced-resources/support-managed-k8s-service)
- Broken link on source page path = /docs/1.6.1/monitoring/alert-rules-example:
   -> linking to ../metrics (resolved as: /docs/1.6.1/metrics)
- Broken link on source page path = /docs/1.6.1/monitoring/kubelet-volume-metrics:
   -> linking to ../metrics (resolved as: /docs/1.6.1/metrics)
- Broken link on source page path = /docs/1.6.1/monitoring/prometheus-and-grafana-setup:
   -> linking to ../metrics (resolved as: /docs/1.6.1/metrics)
   -> linking to ../alert-rules-example (resolved as: /docs/1.6.1/alert-rules-example)
- Broken link on source page path = /docs/1.6.1/nodes-and-volumes/nodes/multidisk:
   -> linking to ../disks-or-nodes-eviction/#select-disks-or-nodes-for-eviction (resolved as: /docs/1.6.1/nodes-and-volumes/disks-or-nodes-eviction/#select-disks-or-nodes-for-eviction)
- Broken link on source page path = /docs/1.6.1/nodes-and-volumes/volumes/iscsi:
   -> linking to ../create-volumes (resolved as: /docs/1.6.1/nodes-and-volumes/create-volumes)
- Broken link on source page path = /docs/1.6.1/nodes-and-volumes/volumes/rwx-volumes:
   -> linking to ../../../deploy/install/#installing-nfsv4-client (resolved as: /docs/deploy/install/#installing-nfsv4-client)
- Broken link on source page path = /docs/1.6.1/nodes-and-volumes/volumes/volume-size:
   -> linking to ../../nodes/node-space-usage (resolved as: /docs/1.6.1/nodes/node-space-usage)
   -> linking to ../trim-filesystem (resolved as: /docs/1.6.1/nodes-and-volumes/trim-filesystem)
- Broken link on source page path = /docs/1.6.1/references/settings:
   -> linking to ../../maintenance/maintenance/#node-drain-policy-recommendations (resolved as: /docs/maintenance/maintenance/#node-drain-policy-recommendations)
   -> linking to ../../v2-data-engine (resolved as: /docs/v2-data-engine)
   -> linking to ../../v2-data-engine/ (resolved as: /docs/v2-data-engine/)
- Broken link on source page path = /docs/1.6.1/references/storage-class-parameters:
   -> linking to ../settings#default-replica-count (resolved as: /docs/1.6.1/settings#default-replica-count)
   -> linking to ../settings#default-data-locality (resolved as: /docs/1.6.1/settings#default-data-locality)
   -> linking to ../settings#replica-auto-balance (resolved as: /docs/1.6.1/settings#replica-auto-balance)
   -> linking to ../../advanced-resources/backing-image/backing-image#create-and-use-a-backing-image-via-storageclass-and-pvc (resolved as: /docs/advanced-resources/backing-image/backing-image#create-and-use-a-backing-image-via-storageclass-and-pvc)
   -> linking to ../settings#remove-snapshots-during-filesystem-trim (resolved as: /docs/1.6.1/settings#remove-snapshots-during-filesystem-trim)
   -> linking to ../settings#disable-revision-counter (resolved as: /docs/1.6.1/settings#disable-revision-counter)
   -> linking to ../settings#replica-node-level-soft-anti-affinity (resolved as: /docs/1.6.1/settings#replica-node-level-soft-anti-affinity)
   -> linking to ../settings#replica-zone-level-soft-anti-affinity (resolved as: /docs/1.6.1/settings#replica-zone-level-soft-anti-affinity)
   -> linking to ../settings#replica-disk-level-soft-anti-affinity (resolved as: /docs/1.6.1/settings#replica-disk-level-soft-anti-affinity)
   -> linking to ../settings#v2-data-engine (resolved as: /docs/1.6.1/settings#v2-data-engine)
- Broken link on source page path = /docs/1.6.1/snapshots-and-backups/backup-and-restore/create-a-backup:
   -> linking to ../set-backup-target (resolved as: /docs/1.6.1/snapshots-and-backups/set-backup-target)
   -> linking to ../restore-from-a-backup (resolved as: /docs/1.6.1/snapshots-and-backups/restore-from-a-backup)
- Broken link on source page path = /docs/1.6.1/snapshots-and-backups/backup-and-restore/set-backup-target:
   -> linking to ../../scheduling-backups-and-snapshots (resolved as: /docs/1.6.1/scheduling-backups-and-snapshots)
   -> linking to ../create-a-backup (resolved as: /docs/1.6.1/snapshots-and-backups/create-a-backup)
- Broken link on source page path = /docs/1.6.1/snapshots-and-backups/csi-snapshot-support/csi-volume-snapshot-associated-with-longhorn-backing-image:
   -> linking to ../enable-csi-snapshot-support (resolved as: /docs/1.6.1/snapshots-and-backups/enable-csi-snapshot-support)
- Broken link on source page path = /docs/1.6.1/snapshots-and-backups/csi-snapshot-support/csi-volume-snapshot-associated-with-longhorn-backup:
   -> linking to ../enable-csi-snapshot-support (resolved as: /docs/1.6.1/snapshots-and-backups/enable-csi-snapshot-support)
- Broken link on source page path = /docs/1.6.1/snapshots-and-backups/csi-snapshot-support/csi-volume-snapshot-associated-with-longhorn-snapshot:
   -> linking to ../enable-csi-snapshot-support (resolved as: /docs/1.6.1/snapshots-and-backups/enable-csi-snapshot-support)
- Broken link on source page path = /docs/1.6.1/snapshots-and-backups/setup-disaster-recovery-volumes:
   -> linking to ../backup-and-restore/set-backup-target (resolved as: /docs/1.6.1/backup-and-restore/set-backup-target)
- Broken link on source page path = /docs/1.6.1/troubleshoot/troubleshooting:
   -> linking to ../support-bundle (resolved as: /docs/1.6.1/support-bundle)
- Broken link on source page path = /docs/next/advanced-resources/backing-image/:
   -> linking to ../backing-image-backup (resolved as: /docs/next/advanced-resources/backing-image-backup)
- Broken link on source page path = /docs/next/advanced-resources/cluster-restore/rancher-cluster-restore:
   -> linking to ../../data-recovery/export-from-replica (resolved as: /docs/next/data-recovery/export-from-replica)
- Broken link on source page path = /docs/next/advanced-resources/data-recovery/data-error:
   -> linking to ../corrupted-replica (resolved as: /docs/next/advanced-resources/corrupted-replica)
- Broken link on source page path = /docs/next/advanced-resources/deploy/node-selector:
   -> linking to ../customizing-default-settings/ (resolved as: /docs/next/advanced-resources/customizing-default-settings/)
- Broken link on source page path = /docs/next/advanced-resources/deploy/priority-class:
   -> linking to ../customizing-default-settings/ (resolved as: /docs/next/advanced-resources/customizing-default-settings/)
- Broken link on source page path = /docs/next/advanced-resources/deploy/rancher_windows_cluster:
   -> linking to ../node-selector (resolved as: /docs/next/advanced-resources/node-selector)
   -> linking to ../taint-toleration (resolved as: /docs/next/advanced-resources/taint-toleration)
- Broken link on source page path = /docs/next/advanced-resources/deploy/storage-network:
   -> linking to ../customizing-default-settings/ (resolved as: /docs/next/advanced-resources/customizing-default-settings/)
- Broken link on source page path = /docs/next/advanced-resources/deploy/taint-toleration:
   -> linking to ../customizing-default-settings/ (resolved as: /docs/next/advanced-resources/customizing-default-settings/)
- Broken link on source page path = /docs/next/advanced-resources/os-distro-specific/talos-linux-support:
   -> linking to ../../../deploy/install/#root-and-privileged-permission (resolved as: /docs/deploy/install/#root-and-privileged-permission)
- Broken link on source page path = /docs/next/advanced-resources/rebuilding/fast-replica-rebuild:
   -> linking to ../../data-integrity/snapshot-data-integrity-check (resolved as: /docs/next/data-integrity/snapshot-data-integrity-check)
- Broken link on source page path = /docs/next/advanced-resources/support-managed-k8s-service/upgrade-k8s-on-eks:
   -> linking to ../manage-node-group-on-eks#create-additional-volume (resolved as: /docs/next/advanced-resources/manage-node-group-on-eks#create-additional-volume)
- Broken link on source page path = /docs/next/advanced-resources/system-backup-restore/backup-longhorn-system:
   -> linking to ../restore-longhorn-system/#prerequisite (resolved as: /docs/next/advanced-resources/restore-longhorn-system/#prerequisite)
- Broken link on source page path = /docs/next/advanced-resources/system-backup-restore/restore-longhorn-system:
   -> linking to ../backup-longhorn-system#longhorn-system-backup-bundle (resolved as: /docs/next/advanced-resources/backup-longhorn-system#longhorn-system-backup-bundle)
   -> linking to ../backup-longhorn-system#create-longhorn-system-backup (resolved as: /docs/next/advanced-resources/backup-longhorn-system#create-longhorn-system-backup)
- Broken link on source page path = /docs/next/advanced-resources/system-backup-restore/restore-to-a-cluster-contains-data-using-Rancher-snapshot:
   -> linking to ../../data-recovery/export-from-replica (resolved as: /docs/next/data-recovery/export-from-replica)
- Broken link on source page path = /docs/next/concepts:
   -> linking to ../deploy/install/#installation-requirements (resolved as: /docs/deploy/install/#installation-requirements)
- Broken link on source page path = /docs/next/deploy/important-notes/:
   -> linking to ../../maintenance/maintenance/#node-drain-policy-recommendations (resolved as: /docs/next/maintenance/maintenance/#node-drain-policy-recommendations)
   -> linking to ../../deploy/upgrade/#upgrade-path-enforcement-and-downgrade-prevention (resolved as: /docs/next/deploy/upgrade/#upgrade-path-enforcement-and-downgrade-prevention)
   -> linking to ../../v2-data-engine/ (resolved as: /docs/next/v2-data-engine/)
- Broken link on source page path = /docs/next/deploy/install/airgap:
   -> linking to ./#recommendation (resolved as: /docs/next/deploy/install/#recommendation)
- Broken link on source page path = /docs/next/deploy/install/install-with-argocd:
   -> linking to ../#installation-requirements (resolved as: /docs/next/deploy/#installation-requirements)
   -> linking to ../../accessing-the-ui/longhorn-ingress (resolved as: /docs/next/accessing-the-ui/longhorn-ingress)
   -> linking to ../../accessing-the-ui (resolved as: /docs/next/accessing-the-ui)
- Broken link on source page path = /docs/next/deploy/install/install-with-fleet:
   -> linking to ../#installation-requirements (resolved as: /docs/next/deploy/#installation-requirements)
   -> linking to ../../accessing-the-ui/longhorn-ingress (resolved as: /docs/next/accessing-the-ui/longhorn-ingress)
   -> linking to ../../accessing-the-ui (resolved as: /docs/next/accessing-the-ui)
- Broken link on source page path = /docs/next/deploy/install/install-with-flux:
   -> linking to ../#installation-requirements (resolved as: /docs/next/deploy/#installation-requirements)
   -> linking to ../../accessing-the-ui/longhorn-ingress (resolved as: /docs/next/accessing-the-ui/longhorn-ingress)
   -> linking to ../../accessing-the-ui (resolved as: /docs/next/accessing-the-ui)
- Broken link on source page path = /docs/next/deploy/install/install-with-helm:
   -> linking to ../#installation-requirements (resolved as: /docs/next/deploy/#installation-requirements)
   -> linking to ../../accessing-the-ui/longhorn-ingress (resolved as: /docs/next/accessing-the-ui/longhorn-ingress)
   -> linking to ../../accessing-the-ui (resolved as: /docs/next/accessing-the-ui)
- Broken link on source page path = /docs/next/deploy/install/install-with-kubectl:
   -> linking to ../#installation-requirements (resolved as: /docs/next/deploy/#installation-requirements)
   -> linking to ../../accessing-the-ui/longhorn-ingress (resolved as: /docs/next/accessing-the-ui/longhorn-ingress)
   -> linking to ../../accessing-the-ui (resolved as: /docs/next/accessing-the-ui)
- Broken link on source page path = /docs/next/deploy/install/install-with-rancher:
   -> linking to ../../upgrade (resolved as: /docs/next/upgrade)
   -> linking to ../#installation-requirements (resolved as: /docs/next/deploy/#installation-requirements)
- Broken link on source page path = /docs/next/deploy/upgrade/longhorn-manager:
   -> linking to ../../install/airgap/#using-a-rancher-app (resolved as: /docs/next/install/airgap/#using-a-rancher-app)
   -> linking to ../upgrade-engine (resolved as: /docs/next/deploy/upgrade-engine)
- Broken link on source page path = /docs/next/maintenance/:
   -> linking to ../../advanced-resources/support-managed-k8s-service (resolved as: /docs/advanced-resources/support-managed-k8s-service)
- Broken link on source page path = /docs/next/monitoring/alert-rules-example:
   -> linking to ../metrics (resolved as: /docs/next/metrics)
- Broken link on source page path = /docs/next/monitoring/kubelet-volume-metrics:
   -> linking to ../metrics (resolved as: /docs/next/metrics)
- Broken link on source page path = /docs/next/monitoring/prometheus-and-grafana-setup:
   -> linking to ../metrics (resolved as: /docs/next/metrics)
   -> linking to ../alert-rules-example (resolved as: /docs/next/alert-rules-example)
- Broken link on source page path = /docs/next/nodes-and-volumes/nodes/multidisk:
   -> linking to ../disks-or-nodes-eviction/#select-disks-or-nodes-for-eviction (resolved as: /docs/next/nodes-and-volumes/disks-or-nodes-eviction/#select-disks-or-nodes-for-eviction)
- Broken link on source page path = /docs/next/nodes-and-volumes/volumes/iscsi:
   -> linking to ../create-volumes (resolved as: /docs/next/nodes-and-volumes/create-volumes)
- Broken link on source page path = /docs/next/nodes-and-volumes/volumes/rwx-volumes:
   -> linking to ../../../deploy/install/#installing-nfsv4-client (resolved as: /docs/deploy/install/#installing-nfsv4-client)
- Broken link on source page path = /docs/next/nodes-and-volumes/volumes/volume-size:
   -> linking to ../../nodes/node-space-usage (resolved as: /docs/next/nodes/node-space-usage)
   -> linking to ../trim-filesystem (resolved as: /docs/next/nodes-and-volumes/trim-filesystem)
- Broken link on source page path = /docs/next/references/settings:
   -> linking to ../../maintenance/maintenance/#node-drain-policy-recommendations (resolved as: /docs/maintenance/maintenance/#node-drain-policy-recommendations)
   -> linking to ../../v2-data-engine (resolved as: /docs/v2-data-engine)
   -> linking to ../../v2-data-engine/ (resolved as: /docs/v2-data-engine/)
- Broken link on source page path = /docs/next/references/storage-class-parameters:
   -> linking to ../settings#default-replica-count (resolved as: /docs/next/settings#default-replica-count)
   -> linking to ../settings#default-data-locality (resolved as: /docs/next/settings#default-data-locality)
   -> linking to ../settings#replica-auto-balance (resolved as: /docs/next/settings#replica-auto-balance)
   -> linking to ../../advanced-resources/backing-image/backing-image#create-and-use-a-backing-image-via-storageclass-and-pvc (resolved as: /docs/advanced-resources/backing-image/backing-image#create-and-use-a-backing-image-via-storageclass-and-pvc)
   -> linking to ../settings#remove-snapshots-during-filesystem-trim (resolved as: /docs/next/settings#remove-snapshots-during-filesystem-trim)
   -> linking to ../settings#disable-revision-counter (resolved as: /docs/next/settings#disable-revision-counter)
   -> linking to ../settings#replica-node-level-soft-anti-affinity (resolved as: /docs/next/settings#replica-node-level-soft-anti-affinity)
   -> linking to ../settings#replica-zone-level-soft-anti-affinity (resolved as: /docs/next/settings#replica-zone-level-soft-anti-affinity)
   -> linking to ../settings#replica-disk-level-soft-anti-affinity (resolved as: /docs/next/settings#replica-disk-level-soft-anti-affinity)
   -> linking to ../settings#v2-data-engine (resolved as: /docs/next/settings#v2-data-engine)
- Broken link on source page path = /docs/next/snapshots-and-backups/backup-and-restore/create-a-backup:
   -> linking to ../set-backup-target (resolved as: /docs/next/snapshots-and-backups/set-backup-target)
   -> linking to ../restore-from-a-backup (resolved as: /docs/next/snapshots-and-backups/restore-from-a-backup)
- Broken link on source page path = /docs/next/snapshots-and-backups/backup-and-restore/set-backup-target:
   -> linking to ../../scheduling-backups-and-snapshots (resolved as: /docs/next/scheduling-backups-and-snapshots)
   -> linking to ../create-a-backup (resolved as: /docs/next/snapshots-and-backups/create-a-backup)
- Broken link on source page path = /docs/next/snapshots-and-backups/csi-snapshot-support/csi-volume-snapshot-associated-with-longhorn-backing-image:
   -> linking to ../enable-csi-snapshot-support (resolved as: /docs/next/snapshots-and-backups/enable-csi-snapshot-support)
- Broken link on source page path = /docs/next/snapshots-and-backups/csi-snapshot-support/csi-volume-snapshot-associated-with-longhorn-backup:
   -> linking to ../enable-csi-snapshot-support (resolved as: /docs/next/snapshots-and-backups/enable-csi-snapshot-support)
- Broken link on source page path = /docs/next/snapshots-and-backups/csi-snapshot-support/csi-volume-snapshot-associated-with-longhorn-snapshot:
   -> linking to ../enable-csi-snapshot-support (resolved as: /docs/next/snapshots-and-backups/enable-csi-snapshot-support)
- Broken link on source page path = /docs/next/snapshots-and-backups/setup-disaster-recovery-volumes:
   -> linking to ../backup-and-restore/set-backup-target (resolved as: /docs/next/backup-and-restore/set-backup-target)
- Broken link on source page path = /docs/next/troubleshoot/troubleshooting:
   -> linking to ../support-bundle (resolved as: /docs/next/support-bundle)
- Broken link on source page path = /docs/advanced-resources/backing-image/:
   -> linking to ../backing-image-backup (resolved as: /docs/advanced-resources/backing-image-backup)
   -> linking to ../../../references/settings#backing-image-cleanup-wait-interval (resolved as: /references/settings#backing-image-cleanup-wait-interval)
- Broken link on source page path = /docs/advanced-resources/backing-image/backing-image-backup:
   -> linking to ../../../snapshots-and-backups/backup-and-restore/set-backup-target (resolved as: /snapshots-and-backups/backup-and-restore/set-backup-target)
- Broken link on source page path = /docs/advanced-resources/cluster-restore/rancher-cluster-restore:
   -> linking to ../../../references/settings/#disable-revision-counter (resolved as: /references/settings/#disable-revision-counter)
   -> linking to ../../data-recovery/export-from-replica (resolved as: /docs/data-recovery/export-from-replica)
- Broken link on source page path = /docs/advanced-resources/data-cleanup/orphaned-data-cleanup:
   -> linking to ../../../nodes-and-volumes/volumes/create-volumes/#creating-longhorn-volumes-with-kubectl (resolved as: /nodes-and-volumes/volumes/create-volumes/#creating-longhorn-volumes-with-kubectl)
- Broken link on source page path = /docs/advanced-resources/data-recovery/data-error:
   -> linking to ../corrupted-replica (resolved as: /docs/advanced-resources/corrupted-replica)
   -> linking to ../../../snapshots-and-backups/backup-and-restore/restore-from-a-backup (resolved as: /snapshots-and-backups/backup-and-restore/restore-from-a-backup)
- Broken link on source page path = /docs/advanced-resources/data-recovery/export-from-replica:
   -> linking to ../../../nodes-and-volumes/nodes/default-disk-and-node-config/ (resolved as: /nodes-and-volumes/nodes/default-disk-and-node-config/)
- Broken link on source page path = /docs/advanced-resources/deploy/customizing-default-settings:
   -> linking to ../../../deploy/install/install-with-helm (resolved as: /deploy/install/install-with-helm)
- Broken link on source page path = /docs/advanced-resources/deploy/node-selector:
   -> linking to ../customizing-default-settings/ (resolved as: /docs/advanced-resources/customizing-default-settings/)
- Broken link on source page path = /docs/advanced-resources/deploy/priority-class:
   -> linking to ../customizing-default-settings/ (resolved as: /docs/advanced-resources/customizing-default-settings/)
- Broken link on source page path = /docs/advanced-resources/deploy/rancher_windows_cluster:
   -> linking to ../node-selector (resolved as: /docs/advanced-resources/node-selector)
   -> linking to ../taint-toleration (resolved as: /docs/advanced-resources/taint-toleration)
- Broken link on source page path = /docs/advanced-resources/deploy/storage-network:
   -> linking to ../customizing-default-settings/ (resolved as: /docs/advanced-resources/customizing-default-settings/)
   -> linking to ../../../references/settings#storage-network (resolved as: /references/settings#storage-network)
- Broken link on source page path = /docs/advanced-resources/deploy/taint-toleration:
   -> linking to ../customizing-default-settings/ (resolved as: /docs/advanced-resources/customizing-default-settings/)
- Broken link on source page path = /docs/advanced-resources/driver-migration/migrating-flexvolume:
   -> linking to ../../../snapshots-and-backups/backup-and-restore/create-a-backup (resolved as: /snapshots-and-backups/backup-and-restore/create-a-backup)
   -> linking to ../../../snapshots-and-backups/backup-and-restore/restore-statefulset (resolved as: /snapshots-and-backups/backup-and-restore/restore-statefulset)
- Broken link on source page path = /docs/advanced-resources/os-distro-specific/okd-support:
   -> linking to ../../../deploy/install/install-with-helm/ (resolved as: /deploy/install/install-with-helm/)
   -> linking to ../../../nodes-and-volumes/nodes/default-disk-and-node-config/#launch-longhorn-with-multiple-disks (resolved as: /nodes-and-volumes/nodes/default-disk-and-node-config/#launch-longhorn-with-multiple-disks)
   -> linking to ../../../nodes-and-volumes/nodes/default-disk-and-node-config/#customizing-default-disks-for-new-nodes (resolved as: /nodes-and-volumes/nodes/default-disk-and-node-config/#customizing-default-disks-for-new-nodes)
- Broken link on source page path = /docs/advanced-resources/os-distro-specific/talos-linux-support:
   -> linking to ../../../deploy/install/#root-and-privileged-permission (resolved as: /deploy/install/#root-and-privileged-permission)
   -> linking to ../../../deploy/important-notes/#pod-security-policies-disabled--pod-security-admission-introduction (resolved as: /deploy/important-notes/#pod-security-policies-disabled--pod-security-admission-introduction)
- Broken link on source page path = /docs/advanced-resources/rebuilding/fast-replica-rebuild:
   -> linking to ../../data-integrity/snapshot-data-integrity-check (resolved as: /docs/data-integrity/snapshot-data-integrity-check)
- Broken link on source page path = /docs/advanced-resources/security/volume-encryption:
   -> linking to ../../../nodes-and-volumes/volumes/expansion/#encrypted-volume (resolved as: /nodes-and-volumes/volumes/expansion/#encrypted-volume)
- Broken link on source page path = /docs/advanced-resources/support-managed-k8s-service/upgrade-k8s-on-eks:
   -> linking to ../manage-node-group-on-eks#create-additional-volume (resolved as: /docs/advanced-resources/manage-node-group-on-eks#create-additional-volume)
- Broken link on source page path = /docs/advanced-resources/system-backup-restore/backup-longhorn-system:
   -> linking to ../restore-longhorn-system/#prerequisite (resolved as: /docs/advanced-resources/restore-longhorn-system/#prerequisite)
   -> linking to ../../../snapshots-and-backups/backup-and-restore/set-backup-target (resolved as: /snapshots-and-backups/backup-and-restore/set-backup-target)
- Broken link on source page path = /docs/advanced-resources/system-backup-restore/restore-longhorn-system:
   -> linking to ../backup-longhorn-system#longhorn-system-backup-bundle (resolved as: /docs/advanced-resources/backup-longhorn-system#longhorn-system-backup-bundle)
   -> linking to ../backup-longhorn-system#create-longhorn-system-backup (resolved as: /docs/advanced-resources/backup-longhorn-system#create-longhorn-system-backup)
   -> linking to ../../../references/settings/#concurrent-volume-backup-restore-per-node-limit (resolved as: /references/settings/#concurrent-volume-backup-restore-per-node-limit)
   -> linking to ../../../references/settings/#concurrent-replica-rebuild-per-node-limit (resolved as: /references/settings/#concurrent-replica-rebuild-per-node-limit)
   -> linking to ../../../references/settings/#backup-target (resolved as: /references/settings/#backup-target)
   -> linking to ../../../references/settings/#backup-target-credential-secret (resolved as: /references/settings/#backup-target-credential-secret)
- Broken link on source page path = /docs/advanced-resources/system-backup-restore/restore-to-a-cluster-contains-data-using-Rancher-snapshot:
   -> linking to ../../../references/settings/#disable-revision-counter (resolved as: /references/settings/#disable-revision-counter)
   -> linking to ../../data-recovery/export-from-replica (resolved as: /docs/data-recovery/export-from-replica)
- Broken link on source page path = /docs/best-practices:
   -> linking to ../nodes-and-volumes/nodes/multidisk/#use-an-alternative-path-for-a-disk-on-the-node (resolved as: /nodes-and-volumes/nodes/multidisk/#use-an-alternative-path-for-a-disk-on-the-node)
   -> linking to ../advanced-resources/deploy/customizing-default-settings (resolved as: /advanced-resources/deploy/customizing-default-settings)
   -> linking to ../nodes-and-volumes/nodes/default-disk-and-node-config (resolved as: /nodes-and-volumes/nodes/default-disk-and-node-config)
   -> linking to ../high-availability/recover-volume/ (resolved as: /high-availability/recover-volume/)
   -> linking to ../references/settings/#guaranteed-instance-manager-cpu (resolved as: /references/settings/#guaranteed-instance-manager-cpu)
   -> linking to ../references/examples/#storageclass (resolved as: /references/examples/#storageclass)
- Broken link on source page path = /docs/concepts:
   -> linking to ../what-is-longhorn (resolved as: /what-is-longhorn)
   -> linking to ../deploy/install/#installation-requirements (resolved as: /deploy/install/#installation-requirements)
   -> linking to ../terminology (resolved as: /terminology)
   -> linking to ../deploy/install/airgap (resolved as: /deploy/install/airgap)
   -> linking to ../nodes-and-volumes/nodes/node-space-usage (resolved as: /nodes-and-volumes/nodes/node-space-usage)
   -> linking to ../nodes-and-volumes/volumes/volume-size (resolved as: /nodes-and-volumes/volumes/volume-size)
   -> linking to ../references/settings/#default-replica-count (resolved as: /references/settings/#default-replica-count)
- Broken link on source page path = /docs/deploy/important-notes/:
   -> linking to ../../maintenance/maintenance/#node-drain-policy-recommendations (resolved as: /docs/maintenance/maintenance/#node-drain-policy-recommendations)
   -> linking to ../../deploy/upgrade/#upgrade-path-enforcement-and-downgrade-prevention (resolved as: /docs/deploy/upgrade/#upgrade-path-enforcement-and-downgrade-prevention)
   -> linking to ../../v2-data-engine/ (resolved as: /docs/v2-data-engine/)
- Broken link on source page path = /docs/deploy/install/airgap:
   -> linking to ./#recommendation (resolved as: /docs/deploy/install/#recommendation)
- Broken link on source page path = /docs/deploy/install/install-with-argocd:
   -> linking to ../#installation-requirements (resolved as: /docs/deploy/#installation-requirements)
   -> linking to ../../accessing-the-ui/longhorn-ingress (resolved as: /docs/accessing-the-ui/longhorn-ingress)
   -> linking to ../../accessing-the-ui (resolved as: /docs/accessing-the-ui)
- Broken link on source page path = /docs/deploy/install/install-with-fleet:
   -> linking to ../#installation-requirements (resolved as: /docs/deploy/#installation-requirements)
   -> linking to ../../accessing-the-ui/longhorn-ingress (resolved as: /docs/accessing-the-ui/longhorn-ingress)
   -> linking to ../../accessing-the-ui (resolved as: /docs/accessing-the-ui)
- Broken link on source page path = /docs/deploy/install/install-with-flux:
   -> linking to ../#installation-requirements (resolved as: /docs/deploy/#installation-requirements)
   -> linking to ../../accessing-the-ui/longhorn-ingress (resolved as: /docs/accessing-the-ui/longhorn-ingress)
   -> linking to ../../accessing-the-ui (resolved as: /docs/accessing-the-ui)
- Broken link on source page path = /docs/deploy/install/install-with-helm:
   -> linking to ../#installation-requirements (resolved as: /docs/deploy/#installation-requirements)
   -> linking to ../../../advanced-resources/deploy/customizing-default-settings/#using-helm (resolved as: /advanced-resources/deploy/customizing-default-settings/#using-helm)
   -> linking to ../../accessing-the-ui/longhorn-ingress (resolved as: /docs/accessing-the-ui/longhorn-ingress)
   -> linking to ../../accessing-the-ui (resolved as: /docs/accessing-the-ui)
- Broken link on source page path = /docs/deploy/install/install-with-kubectl:
   -> linking to ../#installation-requirements (resolved as: /docs/deploy/#installation-requirements)
   -> linking to ../../../advanced-resources/deploy/customizing-default-settings/#using-the-longhorn-deployment-yaml-file (resolved as: /advanced-resources/deploy/customizing-default-settings/#using-the-longhorn-deployment-yaml-file)
   -> linking to ../../accessing-the-ui/longhorn-ingress (resolved as: /docs/accessing-the-ui/longhorn-ingress)
   -> linking to ../../accessing-the-ui (resolved as: /docs/accessing-the-ui)
- Broken link on source page path = /docs/deploy/install/install-with-rancher:
   -> linking to ../../upgrade (resolved as: /docs/upgrade)
   -> linking to ../#installation-requirements (resolved as: /docs/deploy/#installation-requirements)
- Broken link on source page path = /docs/deploy/upgrade/auto-upgrade-engine:
   -> linking to ../../../snapshots-and-backups/setup-disaster-recovery-volumes/ (resolved as: /snapshots-and-backups/setup-disaster-recovery-volumes/)
- Broken link on source page path = /docs/deploy/upgrade/longhorn-manager:
   -> linking to ../../install/airgap/#using-a-rancher-app (resolved as: /docs/install/airgap/#using-a-rancher-app)
   -> linking to ../upgrade-engine (resolved as: /docs/deploy/upgrade-engine)
- Broken link on source page path = /docs/deploy/upgrade/upgrade-engine:
   -> linking to ../../../nodes-and-volumes/volumes/detaching-volumes (resolved as: /nodes-and-volumes/volumes/detaching-volumes)
- Broken link on source page path = /docs/high-availability/k8s-cluster-autoscaler:
   -> linking to ../../references/settings#kubernetes-cluster-autoscaler-enabled-experimental (resolved as: /references/settings#kubernetes-cluster-autoscaler-enabled-experimental)
- Broken link on source page path = /docs/high-availability/node-failure:
   -> linking to ../../references/settings/#pod-deletion-policy-when-node-is-down (resolved as: /references/settings/#pod-deletion-policy-when-node-is-down)
- Broken link on source page path = /docs/high-availability/recover-volume:
   -> linking to ../../references/settings#automatically-delete-workload-pod-when-the-volume-is-detached-unexpectedly (resolved as: /references/settings#automatically-delete-workload-pod-when-the-volume-is-detached-unexpectedly)
- Broken link on source page path = /docs/maintenance/:
   -> linking to ../../references/settings#node-drain-policy (resolved as: /references/settings#node-drain-policy)
   -> linking to ../../nodes-and-volumes/nodes/disks-or-nodes-eviction (resolved as: /nodes-and-volumes/nodes/disks-or-nodes-eviction)
   -> linking to ../../references/settings#replica-replenishment-wait-interval (resolved as: /references/settings#replica-replenishment-wait-interval)
   -> linking to ../../advanced-resources/support-managed-k8s-service (resolved as: /advanced-resources/support-managed-k8s-service)
- Broken link on source page path = /docs/monitoring/alert-rules-example:
   -> linking to ../metrics (resolved as: /docs/metrics)
- Broken link on source page path = /docs/monitoring/kubelet-volume-metrics:
   -> linking to ../metrics (resolved as: /docs/metrics)
- Broken link on source page path = /docs/monitoring/prometheus-and-grafana-setup:
   -> linking to ../metrics (resolved as: /docs/metrics)
   -> linking to ../alert-rules-example (resolved as: /docs/alert-rules-example)
- Broken link on source page path = /docs/nodes-and-volumes/nodes/default-disk-and-node-config:
   -> linking to ../../../advanced-resources/deploy/customizing-default-settings (resolved as: /advanced-resources/deploy/customizing-default-settings)
- Broken link on source page path = /docs/nodes-and-volumes/nodes/multidisk:
   -> linking to ../disks-or-nodes-eviction/#select-disks-or-nodes-for-eviction (resolved as: /docs/nodes-and-volumes/disks-or-nodes-eviction/#select-disks-or-nodes-for-eviction)
- Broken link on source page path = /docs/nodes-and-volumes/nodes/node-space-usage:
   -> linking to ../../../references/settings/#storage-over-provisioning-percentage (resolved as: /references/settings/#storage-over-provisioning-percentage)
- Broken link on source page path = /docs/nodes-and-volumes/nodes/scheduling:
   -> linking to ../../../references/settings/#disable-scheduling-on-cordoned-node (resolved as: /references/settings/#disable-scheduling-on-cordoned-node)
   -> linking to ../../../references/settings/#replica-node-level-soft-anti-affinity (resolved as: /references/settings/#replica-node-level-soft-anti-affinity)
   -> linking to ../../../references/settings/#replica-zone-level-soft-anti-affinity (resolved as: /references/settings/#replica-zone-level-soft-anti-affinity)
   -> linking to ../../../references/settings/#replica-disk-level-soft-anti-affinity (resolved as: /references/settings/#replica-disk-level-soft-anti-affinity)
   -> linking to ../../../references/settings/#storage-minimal-available-percentage (resolved as: /references/settings/#storage-minimal-available-percentage)
   -> linking to ../../../references/settings/#storage-over-provisioning-percentage (resolved as: /references/settings/#storage-over-provisioning-percentage)
   -> linking to ../../../references/settings/#allow-empty-node-selector-volume (resolved as: /references/settings/#allow-empty-node-selector-volume)
   -> linking to ../../../references/settings/#allow-empty-disk-selector-volume (resolved as: /references/settings/#allow-empty-disk-selector-volume)
- Broken link on source page path = /docs/nodes-and-volumes/volumes/create-volumes:
   -> linking to ../../../references/examples (resolved as: /references/examples)
- Broken link on source page path = /docs/nodes-and-volumes/volumes/iscsi:
   -> linking to ../create-volumes (resolved as: /docs/nodes-and-volumes/create-volumes)
- Broken link on source page path = /docs/nodes-and-volumes/volumes/rwx-volumes:
   -> linking to ../../../deploy/install/#installing-nfsv4-client (resolved as: /deploy/install/#installing-nfsv4-client)
- Broken link on source page path = /docs/nodes-and-volumes/volumes/trim-filesystem:
   -> linking to ../../../snapshots-and-backups/scheduling-backups-and-snapshots/#set-up-recurring-jobs (resolved as: /snapshots-and-backups/scheduling-backups-and-snapshots/#set-up-recurring-jobs)
   -> linking to ../../../references/settings/#remove-snapshots-during-filesystem-trim (resolved as: /references/settings/#remove-snapshots-during-filesystem-trim)
- Broken link on source page path = /docs/nodes-and-volumes/volumes/volume-size:
   -> linking to ../../nodes/node-space-usage (resolved as: /docs/nodes/node-space-usage)
   -> linking to ../trim-filesystem (resolved as: /docs/nodes-and-volumes/trim-filesystem)
   -> linking to ../../../references/settings/#storage-over-provisioning-percentage (resolved as: /references/settings/#storage-over-provisioning-percentage)
   -> linking to ../../../references/settings/#automatically-clean-up-system-generated-snapshot (resolved as: /references/settings/#automatically-clean-up-system-generated-snapshot)
- Broken link on source page path = /docs/references/examples:
   -> linking to ../../advanced-resources/data-recovery/recover-without-system (resolved as: /advanced-resources/data-recovery/recover-without-system)
   -> linking to ../../high-availability/recover-volume/ (resolved as: /high-availability/recover-volume/)
- Broken link on source page path = /docs/references/settings:
   -> linking to ../../advanced-resources/deploy/customizing-default-settings (resolved as: /advanced-resources/deploy/customizing-default-settings)
   -> linking to ../../maintenance/maintenance/#node-drain-policy-recommendations (resolved as: /maintenance/maintenance/#node-drain-policy-recommendations)
   -> linking to ../../nodes-and-volumes/volumes/rwx-volumes (resolved as: /nodes-and-volumes/volumes/rwx-volumes)
   -> linking to ../../nodes-and-volumes/nodes/default-disk-and-node-config (resolved as: /nodes-and-volumes/nodes/default-disk-and-node-config)
   -> linking to ../../advanced-resources/deploy/revision_counter (resolved as: /advanced-resources/deploy/revision_counter)
   -> linking to ../../v2-data-engine (resolved as: /v2-data-engine)
   -> linking to ../../v2-data-engine/features/automatic-offline-replica-rebuilding (resolved as: /v2-data-engine/features/automatic-offline-replica-rebuilding)
   -> linking to ../../snapshots-and-backups/backup-and-restore/set-backup-target (resolved as: /snapshots-and-backups/backup-and-restore/set-backup-target)
   -> linking to ../../snapshots-and-backups/setup-disaster-recovery-volumes (resolved as: /snapshots-and-backups/setup-disaster-recovery-volumes)
   -> linking to ../../concepts/#34-backupstore-update-intervals-rto-and-rpo (resolved as: /concepts/#34-backupstore-update-intervals-rto-and-rpo)
   -> linking to ../../best-practices/ (resolved as: /best-practices/)
   -> linking to ../../nodes-and-volumes/nodes/multidisk/#configuration (resolved as: /nodes-and-volumes/nodes/multidisk/#configuration)
   -> linking to ../../advanced-resources/deploy/taint-toleration/ (resolved as: /advanced-resources/deploy/taint-toleration/)
   -> linking to ../../advanced-resources/deploy/priority-class/ (resolved as: /advanced-resources/deploy/priority-class/)
   -> linking to ../../advanced-resources/deploy/node-selector/ (resolved as: /advanced-resources/deploy/node-selector/)
   -> linking to ../../advanced-resources/deploy/storage-network/ (resolved as: /advanced-resources/deploy/storage-network/)
   -> linking to ../../v2-data-engine/ (resolved as: /v2-data-engine/)
   -> linking to ../../advanced-resources/deploy/taint-toleration (resolved as: /advanced-resources/deploy/taint-toleration)
   -> linking to ../../advanced-resources/deploy/priority-class (resolved as: /advanced-resources/deploy/priority-class)
   -> linking to ../../advanced-resources/deploy/node-selector (resolved as: /advanced-resources/deploy/node-selector)
   -> linking to ../../high-availability/k8s-cluster-autoscaler (resolved as: /high-availability/k8s-cluster-autoscaler)
   -> linking to ../../advanced-resources/deploy/storage-network (resolved as: /advanced-resources/deploy/storage-network)
   -> linking to ../../nodes-and-volumes/volumes/trim-filesystem (resolved as: /nodes-and-volumes/volumes/trim-filesystem)
- Broken link on source page path = /docs/references/storage-class-parameters:
   -> linking to ../settings#default-replica-count (resolved as: /docs/settings#default-replica-count)
   -> linking to ../../nodes-and-volumes/volumes/create-volumes#creating-longhorn-volumes-with-kubectl (resolved as: /nodes-and-volumes/volumes/create-volumes#creating-longhorn-volumes-with-kubectl)
   -> linking to ../../advanced-resources/security/volume-encryption (resolved as: /advanced-resources/security/volume-encryption)
   -> linking to ../settings#default-data-locality (resolved as: /docs/settings#default-data-locality)
   -> linking to ../../high-availability/data-locality (resolved as: /high-availability/data-locality)
   -> linking to ../settings#replica-auto-balance (resolved as: /docs/settings#replica-auto-balance)
   -> linking to ../../high-availability/auto-balance-replicas (resolved as: /high-availability/auto-balance-replicas)
   -> linking to ../../nodes-and-volumes/nodes/storage-tags (resolved as: /nodes-and-volumes/nodes/storage-tags)
   -> linking to ../../snapshots-and-backups/scheduling-backups-and-snapshots (resolved as: /snapshots-and-backups/scheduling-backups-and-snapshots)
   -> linking to ../../advanced-resources/backing-image/backing-image#create-and-use-a-backing-image-via-storageclass-and-pvc (resolved as: /advanced-resources/backing-image/backing-image#create-and-use-a-backing-image-via-storageclass-and-pvc)
   -> linking to ../settings#remove-snapshots-during-filesystem-trim (resolved as: /docs/settings#remove-snapshots-during-filesystem-trim)
   -> linking to ../../nodes-and-volumes/volumes/trim-filesystem (resolved as: /nodes-and-volumes/volumes/trim-filesystem)
   -> linking to ../settings#disable-revision-counter (resolved as: /docs/settings#disable-revision-counter)
   -> linking to ../../advanced-resources/deploy/revision_counter (resolved as: /advanced-resources/deploy/revision_counter)
   -> linking to ../settings#replica-node-level-soft-anti-affinity (resolved as: /docs/settings#replica-node-level-soft-anti-affinity)
   -> linking to ../../nodes-and-volumes/nodes/scheduling (resolved as: /nodes-and-volumes/nodes/scheduling)
   -> linking to ../../best-practices#replica-node-level-soft-anti-affinity (resolved as: /best-practices#replica-node-level-soft-anti-affinity)
   -> linking to ../settings#replica-zone-level-soft-anti-affinity (resolved as: /docs/settings#replica-zone-level-soft-anti-affinity)
   -> linking to ../settings#replica-disk-level-soft-anti-affinity (resolved as: /docs/settings#replica-disk-level-soft-anti-affinity)
   -> linking to ../../nodes-and-volumes/volumes/rwx-volumes#configuring-volume-mount-options (resolved as: /nodes-and-volumes/volumes/rwx-volumes#configuring-volume-mount-options)
   -> linking to ../settings#v2-data-engine (resolved as: /docs/settings#v2-data-engine)
   -> linking to ../../v2-data-engine/quick-start#create-a-storageclass (resolved as: /v2-data-engine/quick-start#create-a-storageclass)
- Broken link on source page path = /docs/snapshots-and-backups/backup-and-restore/create-a-backup:
   -> linking to ../../../concepts/#31-how-backups-work (resolved as: /concepts/#31-how-backups-work)
   -> linking to ../set-backup-target (resolved as: /docs/snapshots-and-backups/set-backup-target)
   -> linking to ../restore-from-a-backup (resolved as: /docs/snapshots-and-backups/restore-from-a-backup)
- Broken link on source page path = /docs/snapshots-and-backups/backup-and-restore/restore-from-a-backup:
   -> linking to ../../../concepts/#3-backups-and-secondary-storage (resolved as: /concepts/#3-backups-and-secondary-storage)
- Broken link on source page path = /docs/snapshots-and-backups/backup-and-restore/restore-recurring-jobs-from-a-backup:
   -> linking to ../../../references/settings/#restore-volume-recurring-jobs (resolved as: /references/settings/#restore-volume-recurring-jobs)
   -> linking to ../../../concepts/#3-backups-and-secondary-storage (resolved as: /concepts/#3-backups-and-secondary-storage)
- Broken link on source page path = /docs/snapshots-and-backups/backup-and-restore/set-backup-target:
   -> linking to ../../../concepts/#3-backups-and-secondary-storage (resolved as: /concepts/#3-backups-and-secondary-storage)
   -> linking to ../../scheduling-backups-and-snapshots (resolved as: /docs/scheduling-backups-and-snapshots)
   -> linking to ../create-a-backup (resolved as: /docs/snapshots-and-backups/create-a-backup)
- Broken link on source page path = /docs/snapshots-and-backups/csi-snapshot-support/csi-volume-snapshot-associated-with-longhorn-backing-image:
   -> linking to ../enable-csi-snapshot-support (resolved as: /docs/snapshots-and-backups/enable-csi-snapshot-support)
- Broken link on source page path = /docs/snapshots-and-backups/csi-snapshot-support/csi-volume-snapshot-associated-with-longhorn-backup:
   -> linking to ../../../concepts/#31-how-backups-work (resolved as: /concepts/#31-how-backups-work)
   -> linking to ../enable-csi-snapshot-support (resolved as: /docs/snapshots-and-backups/enable-csi-snapshot-support)
- Broken link on source page path = /docs/snapshots-and-backups/csi-snapshot-support/csi-volume-snapshot-associated-with-longhorn-snapshot:
   -> linking to ../enable-csi-snapshot-support (resolved as: /docs/snapshots-and-backups/enable-csi-snapshot-support)
- Broken link on source page path = /docs/snapshots-and-backups/scheduling-backups-and-snapshots:
   -> linking to ../../concepts (resolved as: /concepts)
- Broken link on source page path = /docs/snapshots-and-backups/setup-a-snapshot:
   -> linking to ../../concepts/#24-snapshots (resolved as: /concepts/#24-snapshots)
- Broken link on source page path = /docs/snapshots-and-backups/setup-disaster-recovery-volumes:
   -> linking to ../../concepts/#33-disaster-recovery-volumes (resolved as: /concepts/#33-disaster-recovery-volumes)
   -> linking to ../backup-and-restore/set-backup-target (resolved as: /docs/backup-and-restore/set-backup-target)
   -> linking to ../../references/settings/#allow-volume-creation-with-degraded-availability (resolved as: /references/settings/#allow-volume-creation-with-degraded-availability)
- Broken link on source page path = /docs/terminology:
   -> linking to ../concepts/#241-how-snapshots-work (resolved as: /concepts/#241-how-snapshots-work)
   -> linking to ../references/settings (resolved as: /references/settings)
   -> linking to ../concepts (resolved as: /concepts)
   -> linking to ../advanced-resources/system-backup-restore/backup-longhorn-system/#longhorn-system-backup-bundle (resolved as: /advanced-resources/system-backup-restore/backup-longhorn-system/#longhorn-system-backup-bundle)
- Broken link on source page path = /docs/troubleshoot/troubleshooting:
   -> linking to ../support-bundle (resolved as: /docs/support-bundle)

[WARNING] Docusaurus found broken anchors!

Please check the pages of your site in the list below, and make sure you don't reference any anchor that does not exist.
Note: it's possible to ignore broken anchors with the 'onBrokenAnchors' Docusaurus configuration, and let the build pass.

Exhaustive list of all broken anchors found:
- Broken anchor on source page path = /docs/1.6.1/advanced-resources/cluster-restore/rancher-cluster-restore:
   -> linking to ../../../references/settings/#disable-revision-counter (resolved as: /docs/references/settings/#disable-revision-counter)
- Broken anchor on source page path = /docs/1.6.1/advanced-resources/data-cleanup/orphaned-data-cleanup:
   -> linking to ../../../nodes-and-volumes/volumes/create-volumes/#creating-longhorn-volumes-with-kubectl (resolved as: /docs/nodes-and-volumes/volumes/create-volumes/#creating-longhorn-volumes-with-kubectl)
- Broken anchor on source page path = /docs/1.6.1/advanced-resources/os-distro-specific/okd-support:
   -> linking to ../../../nodes-and-volumes/nodes/default-disk-and-node-config/#launch-longhorn-with-multiple-disks (resolved as: /docs/nodes-and-volumes/nodes/default-disk-and-node-config/#launch-longhorn-with-multiple-disks)
   -> linking to ../../../nodes-and-volumes/nodes/default-disk-and-node-config/#customizing-default-disks-for-new-nodes (resolved as: /docs/nodes-and-volumes/nodes/default-disk-and-node-config/#customizing-default-disks-for-new-nodes)
- Broken anchor on source page path = /docs/1.6.1/advanced-resources/security/volume-encryption:
   -> linking to ../../../nodes-and-volumes/volumes/expansion/#encrypted-volume (resolved as: /docs/nodes-and-volumes/volumes/expansion/#encrypted-volume)
- Broken anchor on source page path = /docs/1.6.1/advanced-resources/system-backup-restore/restore-longhorn-system:
   -> linking to ../../../references/settings/#concurrent-volume-backup-restore-per-node-limit (resolved as: /docs/references/settings/#concurrent-volume-backup-restore-per-node-limit)
   -> linking to ../../../references/settings/#concurrent-replica-rebuild-per-node-limit (resolved as: /docs/references/settings/#concurrent-replica-rebuild-per-node-limit)
   -> linking to ../../../references/settings/#backup-target (resolved as: /docs/references/settings/#backup-target)
   -> linking to ../../../references/settings/#backup-target-credential-secret (resolved as: /docs/references/settings/#backup-target-credential-secret)
- Broken anchor on source page path = /docs/1.6.1/advanced-resources/system-backup-restore/restore-to-a-cluster-contains-data-using-Rancher-snapshot:
   -> linking to ../../../references/settings/#disable-revision-counter (resolved as: /docs/references/settings/#disable-revision-counter)
- Broken anchor on source page path = /docs/1.6.1/best-practices:
   -> linking to ../nodes-and-volumes/nodes/multidisk/#use-an-alternative-path-for-a-disk-on-the-node (resolved as: /docs/nodes-and-volumes/nodes/multidisk/#use-an-alternative-path-for-a-disk-on-the-node)
   -> linking to ../references/settings/#guaranteed-instance-manager-cpu (resolved as: /docs/references/settings/#guaranteed-instance-manager-cpu)
   -> linking to ../references/examples/#storageclass (resolved as: /docs/references/examples/#storageclass)
- Broken anchor on source page path = /docs/1.6.1/concepts:
   -> linking to #appendix-how-persistent-storage-works-in-kubernetes (resolved as: /docs/1.6.1/concepts#appendix-how-persistent-storage-works-in-kubernetes)
   -> linking to #1-design (resolved as: /docs/1.6.1/concepts#1-design)
   -> linking to #2-longhorn-volumes-and-primary-storage (resolved as: /docs/1.6.1/concepts#2-longhorn-volumes-and-primary-storage)
   -> linking to #3-backups-and-secondary-storage (resolved as: /docs/1.6.1/concepts#3-backups-and-secondary-storage)
   -> linking to ../references/settings/#default-replica-count (resolved as: /docs/references/settings/#default-replica-count)
- Broken anchor on source page path = /docs/1.6.1/deploy/important-notes/:
   -> linking to ../../references/settings/#kubernetes-taint-toleration (resolved as: /docs/1.6.1/references/settings/#kubernetes-taint-toleration)
   -> linking to ../../references/settings/#priority-class (resolved as: /docs/1.6.1/references/settings/#priority-class)
   -> linking to ../../references/settings/#system-managed-components-node-selector (resolved as: /docs/1.6.1/references/settings/#system-managed-components-node-selector)
   -> linking to ../../references/settings/#storage-network (resolved as: /docs/1.6.1/references/settings/#storage-network)
   -> linking to ../../references/settings/#v1-data-engine (resolved as: /docs/1.6.1/references/settings/#v1-data-engine)
   -> linking to ../../references/settings/#v2-data-engine (resolved as: /docs/1.6.1/references/settings/#v2-data-engine)
   -> linking to ../../references/settings/#guaranteed-instance-manager-cpu (resolved as: /docs/1.6.1/references/settings/#guaranteed-instance-manager-cpu)
   -> linking to ../../references/settings/#guaranteed-instance-manager-cpu-for-v2-data-engine (resolved as: /docs/1.6.1/references/settings/#guaranteed-instance-manager-cpu-for-v2-data-engine)
- Broken anchor on source page path = /docs/1.6.1/deploy/install/airgap:
   -> linking to #using-a-rancher-app (resolved as: /docs/1.6.1/deploy/install/airgap#using-a-rancher-app)
- Broken anchor on source page path = /docs/1.6.1/deploy/install/install-with-helm:
   -> linking to ../../../advanced-resources/deploy/customizing-default-settings/#using-helm (resolved as: /docs/advanced-resources/deploy/customizing-default-settings/#using-helm)
- Broken anchor on source page path = /docs/1.6.1/deploy/install/install-with-kubectl:
   -> linking to ../../../advanced-resources/deploy/customizing-default-settings/#using-the-longhorn-deployment-yaml-file (resolved as: /docs/advanced-resources/deploy/customizing-default-settings/#using-the-longhorn-deployment-yaml-file)
- Broken anchor on source page path = /docs/1.6.1/high-availability/node-failure:
   -> linking to ../../references/settings/#pod-deletion-policy-when-node-is-down (resolved as: /docs/references/settings/#pod-deletion-policy-when-node-is-down)
- Broken anchor on source page path = /docs/1.6.1/nodes-and-volumes/nodes/node-space-usage:
   -> linking to ../../../references/settings/#storage-over-provisioning-percentage (resolved as: /docs/references/settings/#storage-over-provisioning-percentage)
- Broken anchor on source page path = /docs/1.6.1/nodes-and-volumes/nodes/scheduling:
   -> linking to ../../../references/settings/#disable-scheduling-on-cordoned-node (resolved as: /docs/references/settings/#disable-scheduling-on-cordoned-node)
   -> linking to ../../../references/settings/#replica-node-level-soft-anti-affinity (resolved as: /docs/references/settings/#replica-node-level-soft-anti-affinity)
   -> linking to ../../../references/settings/#replica-zone-level-soft-anti-affinity (resolved as: /docs/references/settings/#replica-zone-level-soft-anti-affinity)
   -> linking to ../../../references/settings/#replica-disk-level-soft-anti-affinity (resolved as: /docs/references/settings/#replica-disk-level-soft-anti-affinity)
   -> linking to ../../../references/settings/#storage-minimal-available-percentage (resolved as: /docs/references/settings/#storage-minimal-available-percentage)
   -> linking to ../../../references/settings/#storage-over-provisioning-percentage (resolved as: /docs/references/settings/#storage-over-provisioning-percentage)
   -> linking to ../../../references/settings/#allow-empty-node-selector-volume (resolved as: /docs/references/settings/#allow-empty-node-selector-volume)
   -> linking to ../../../references/settings/#allow-empty-disk-selector-volume (resolved as: /docs/references/settings/#allow-empty-disk-selector-volume)
- Broken anchor on source page path = /docs/1.6.1/nodes-and-volumes/volumes/trim-filesystem:
   -> linking to ../../../snapshots-and-backups/scheduling-backups-and-snapshots/#set-up-recurring-jobs (resolved as: /docs/snapshots-and-backups/scheduling-backups-and-snapshots/#set-up-recurring-jobs)
   -> linking to ../../../references/settings/#remove-snapshots-during-filesystem-trim (resolved as: /docs/references/settings/#remove-snapshots-during-filesystem-trim)
- Broken anchor on source page path = /docs/1.6.1/nodes-and-volumes/volumes/volume-size:
   -> linking to ../../../references/settings/#storage-over-provisioning-percentage (resolved as: /docs/references/settings/#storage-over-provisioning-percentage)
   -> linking to ../../../references/settings/#automatically-clean-up-system-generated-snapshot (resolved as: /docs/references/settings/#automatically-clean-up-system-generated-snapshot)
- Broken anchor on source page path = /docs/1.6.1/references/settings:
   -> linking to ../../concepts/#34-backupstore-update-intervals-rto-and-rpo (resolved as: /docs/concepts/#34-backupstore-update-intervals-rto-and-rpo)
   -> linking to ../../nodes-and-volumes/nodes/multidisk/#configuration (resolved as: /docs/nodes-and-volumes/nodes/multidisk/#configuration)
- Broken anchor on source page path = /docs/1.6.1/snapshots-and-backups/backup-and-restore/create-a-backup:
   -> linking to ../../../concepts/#31-how-backups-work (resolved as: /docs/concepts/#31-how-backups-work)
- Broken anchor on source page path = /docs/1.6.1/snapshots-and-backups/backup-and-restore/restore-from-a-backup:
   -> linking to ../../../concepts/#3-backups-and-secondary-storage (resolved as: /docs/concepts/#3-backups-and-secondary-storage)
- Broken anchor on source page path = /docs/1.6.1/snapshots-and-backups/backup-and-restore/restore-recurring-jobs-from-a-backup:
   -> linking to ../../../references/settings/#restore-volume-recurring-jobs (resolved as: /docs/references/settings/#restore-volume-recurring-jobs)
   -> linking to ../../../concepts/#3-backups-and-secondary-storage (resolved as: /docs/concepts/#3-backups-and-secondary-storage)
- Broken anchor on source page path = /docs/1.6.1/snapshots-and-backups/backup-and-restore/set-backup-target:
   -> linking to ../../../concepts/#3-backups-and-secondary-storage (resolved as: /docs/concepts/#3-backups-and-secondary-storage)
- Broken anchor on source page path = /docs/1.6.1/snapshots-and-backups/csi-snapshot-support/csi-volume-snapshot-associated-with-longhorn-backup:
   -> linking to ../../../concepts/#31-how-backups-work (resolved as: /docs/concepts/#31-how-backups-work)
- Broken anchor on source page path = /docs/1.6.1/snapshots-and-backups/setup-a-snapshot:
   -> linking to ../../concepts/#24-snapshots (resolved as: /docs/concepts/#24-snapshots)
- Broken anchor on source page path = /docs/1.6.1/snapshots-and-backups/setup-disaster-recovery-volumes:
   -> linking to ../../concepts/#33-disaster-recovery-volumes (resolved as: /docs/concepts/#33-disaster-recovery-volumes)
   -> linking to ../../references/settings/#allow-volume-creation-with-degraded-availability (resolved as: /docs/references/settings/#allow-volume-creation-with-degraded-availability)
- Broken anchor on source page path = /docs/1.6.1/terminology:
   -> linking to ../concepts/#241-how-snapshots-work (resolved as: /docs/concepts/#241-how-snapshots-work)
   -> linking to ../advanced-resources/system-backup-restore/backup-longhorn-system/#longhorn-system-backup-bundle (resolved as: /docs/advanced-resources/system-backup-restore/backup-longhorn-system/#longhorn-system-backup-bundle)
- Broken anchor on source page path = /docs/next/advanced-resources/cluster-restore/rancher-cluster-restore:
   -> linking to ../../../references/settings/#disable-revision-counter (resolved as: /docs/references/settings/#disable-revision-counter)
- Broken anchor on source page path = /docs/next/advanced-resources/data-cleanup/orphaned-data-cleanup:
   -> linking to ../../../nodes-and-volumes/volumes/create-volumes/#creating-longhorn-volumes-with-kubectl (resolved as: /docs/nodes-and-volumes/volumes/create-volumes/#creating-longhorn-volumes-with-kubectl)
- Broken anchor on source page path = /docs/next/advanced-resources/os-distro-specific/okd-support:
   -> linking to ../../../nodes-and-volumes/nodes/default-disk-and-node-config/#launch-longhorn-with-multiple-disks (resolved as: /docs/nodes-and-volumes/nodes/default-disk-and-node-config/#launch-longhorn-with-multiple-disks)
   -> linking to ../../../nodes-and-volumes/nodes/default-disk-and-node-config/#customizing-default-disks-for-new-nodes (resolved as: /docs/nodes-and-volumes/nodes/default-disk-and-node-config/#customizing-default-disks-for-new-nodes)
- Broken anchor on source page path = /docs/next/advanced-resources/security/volume-encryption:
   -> linking to ../../../nodes-and-volumes/volumes/expansion/#encrypted-volume (resolved as: /docs/nodes-and-volumes/volumes/expansion/#encrypted-volume)
- Broken anchor on source page path = /docs/next/advanced-resources/system-backup-restore/restore-longhorn-system:
   -> linking to ../../../references/settings/#concurrent-volume-backup-restore-per-node-limit (resolved as: /docs/references/settings/#concurrent-volume-backup-restore-per-node-limit)
   -> linking to ../../../references/settings/#concurrent-replica-rebuild-per-node-limit (resolved as: /docs/references/settings/#concurrent-replica-rebuild-per-node-limit)
   -> linking to ../../../references/settings/#backup-target (resolved as: /docs/references/settings/#backup-target)
   -> linking to ../../../references/settings/#backup-target-credential-secret (resolved as: /docs/references/settings/#backup-target-credential-secret)
- Broken anchor on source page path = /docs/next/advanced-resources/system-backup-restore/restore-to-a-cluster-contains-data-using-Rancher-snapshot:
   -> linking to ../../../references/settings/#disable-revision-counter (resolved as: /docs/references/settings/#disable-revision-counter)
- Broken anchor on source page path = /docs/next/best-practices:
   -> linking to ../nodes-and-volumes/nodes/multidisk/#use-an-alternative-path-for-a-disk-on-the-node (resolved as: /docs/nodes-and-volumes/nodes/multidisk/#use-an-alternative-path-for-a-disk-on-the-node)
   -> linking to ../references/settings/#guaranteed-instance-manager-cpu (resolved as: /docs/references/settings/#guaranteed-instance-manager-cpu)
   -> linking to ../references/examples/#storageclass (resolved as: /docs/references/examples/#storageclass)
- Broken anchor on source page path = /docs/next/concepts:
   -> linking to #appendix-how-persistent-storage-works-in-kubernetes (resolved as: /docs/next/concepts#appendix-how-persistent-storage-works-in-kubernetes)
   -> linking to #1-design (resolved as: /docs/next/concepts#1-design)
   -> linking to #2-longhorn-volumes-and-primary-storage (resolved as: /docs/next/concepts#2-longhorn-volumes-and-primary-storage)
   -> linking to #3-backups-and-secondary-storage (resolved as: /docs/next/concepts#3-backups-and-secondary-storage)
   -> linking to ../references/settings/#default-replica-count (resolved as: /docs/references/settings/#default-replica-count)
- Broken anchor on source page path = /docs/next/deploy/important-notes/:
   -> linking to ../../references/settings/#kubernetes-taint-toleration (resolved as: /docs/next/references/settings/#kubernetes-taint-toleration)
   -> linking to ../../references/settings/#priority-class (resolved as: /docs/next/references/settings/#priority-class)
   -> linking to ../../references/settings/#system-managed-components-node-selector (resolved as: /docs/next/references/settings/#system-managed-components-node-selector)
   -> linking to ../../references/settings/#storage-network (resolved as: /docs/next/references/settings/#storage-network)
   -> linking to ../../references/settings/#v1-data-engine (resolved as: /docs/next/references/settings/#v1-data-engine)
   -> linking to ../../references/settings/#v2-data-engine (resolved as: /docs/next/references/settings/#v2-data-engine)
   -> linking to ../../references/settings/#guaranteed-instance-manager-cpu (resolved as: /docs/next/references/settings/#guaranteed-instance-manager-cpu)
   -> linking to ../../references/settings/#guaranteed-instance-manager-cpu-for-v2-data-engine (resolved as: /docs/next/references/settings/#guaranteed-instance-manager-cpu-for-v2-data-engine)
- Broken anchor on source page path = /docs/next/deploy/install/airgap:
   -> linking to #using-a-rancher-app (resolved as: /docs/next/deploy/install/airgap#using-a-rancher-app)
- Broken anchor on source page path = /docs/next/deploy/install/install-with-helm:
   -> linking to ../../../advanced-resources/deploy/customizing-default-settings/#using-helm (resolved as: /docs/advanced-resources/deploy/customizing-default-settings/#using-helm)
- Broken anchor on source page path = /docs/next/deploy/install/install-with-kubectl:
   -> linking to ../../../advanced-resources/deploy/customizing-default-settings/#using-the-longhorn-deployment-yaml-file (resolved as: /docs/advanced-resources/deploy/customizing-default-settings/#using-the-longhorn-deployment-yaml-file)
- Broken anchor on source page path = /docs/next/high-availability/node-failure:
   -> linking to ../../references/settings/#pod-deletion-policy-when-node-is-down (resolved as: /docs/references/settings/#pod-deletion-policy-when-node-is-down)
- Broken anchor on source page path = /docs/next/nodes-and-volumes/nodes/node-space-usage:
   -> linking to ../../../references/settings/#storage-over-provisioning-percentage (resolved as: /docs/references/settings/#storage-over-provisioning-percentage)
- Broken anchor on source page path = /docs/next/nodes-and-volumes/nodes/scheduling:
   -> linking to ../../../references/settings/#disable-scheduling-on-cordoned-node (resolved as: /docs/references/settings/#disable-scheduling-on-cordoned-node)
   -> linking to ../../../references/settings/#replica-node-level-soft-anti-affinity (resolved as: /docs/references/settings/#replica-node-level-soft-anti-affinity)
   -> linking to ../../../references/settings/#replica-zone-level-soft-anti-affinity (resolved as: /docs/references/settings/#replica-zone-level-soft-anti-affinity)
   -> linking to ../../../references/settings/#replica-disk-level-soft-anti-affinity (resolved as: /docs/references/settings/#replica-disk-level-soft-anti-affinity)
   -> linking to ../../../references/settings/#storage-minimal-available-percentage (resolved as: /docs/references/settings/#storage-minimal-available-percentage)
   -> linking to ../../../references/settings/#storage-over-provisioning-percentage (resolved as: /docs/references/settings/#storage-over-provisioning-percentage)
   -> linking to ../../../references/settings/#allow-empty-node-selector-volume (resolved as: /docs/references/settings/#allow-empty-node-selector-volume)
   -> linking to ../../../references/settings/#allow-empty-disk-selector-volume (resolved as: /docs/references/settings/#allow-empty-disk-selector-volume)
- Broken anchor on source page path = /docs/next/nodes-and-volumes/volumes/trim-filesystem:
   -> linking to ../../../snapshots-and-backups/scheduling-backups-and-snapshots/#set-up-recurring-jobs (resolved as: /docs/snapshots-and-backups/scheduling-backups-and-snapshots/#set-up-recurring-jobs)
   -> linking to ../../../references/settings/#remove-snapshots-during-filesystem-trim (resolved as: /docs/references/settings/#remove-snapshots-during-filesystem-trim)
- Broken anchor on source page path = /docs/next/nodes-and-volumes/volumes/volume-size:
   -> linking to ../../../references/settings/#storage-over-provisioning-percentage (resolved as: /docs/references/settings/#storage-over-provisioning-percentage)
   -> linking to ../../../references/settings/#automatically-clean-up-system-generated-snapshot (resolved as: /docs/references/settings/#automatically-clean-up-system-generated-snapshot)
- Broken anchor on source page path = /docs/next/references/settings:
   -> linking to ../../concepts/#34-backupstore-update-intervals-rto-and-rpo (resolved as: /docs/concepts/#34-backupstore-update-intervals-rto-and-rpo)
   -> linking to ../../nodes-and-volumes/nodes/multidisk/#configuration (resolved as: /docs/nodes-and-volumes/nodes/multidisk/#configuration)
- Broken anchor on source page path = /docs/next/snapshots-and-backups/backup-and-restore/create-a-backup:
   -> linking to ../../../concepts/#31-how-backups-work (resolved as: /docs/concepts/#31-how-backups-work)
- Broken anchor on source page path = /docs/next/snapshots-and-backups/backup-and-restore/restore-from-a-backup:
   -> linking to ../../../concepts/#3-backups-and-secondary-storage (resolved as: /docs/concepts/#3-backups-and-secondary-storage)
- Broken anchor on source page path = /docs/next/snapshots-and-backups/backup-and-restore/restore-recurring-jobs-from-a-backup:
   -> linking to ../../../references/settings/#restore-volume-recurring-jobs (resolved as: /docs/references/settings/#restore-volume-recurring-jobs)
   -> linking to ../../../concepts/#3-backups-and-secondary-storage (resolved as: /docs/concepts/#3-backups-and-secondary-storage)
- Broken anchor on source page path = /docs/next/snapshots-and-backups/backup-and-restore/set-backup-target:
   -> linking to ../../../concepts/#3-backups-and-secondary-storage (resolved as: /docs/concepts/#3-backups-and-secondary-storage)
- Broken anchor on source page path = /docs/next/snapshots-and-backups/csi-snapshot-support/csi-volume-snapshot-associated-with-longhorn-backup:
   -> linking to ../../../concepts/#31-how-backups-work (resolved as: /docs/concepts/#31-how-backups-work)
- Broken anchor on source page path = /docs/next/snapshots-and-backups/setup-a-snapshot:
   -> linking to ../../concepts/#24-snapshots (resolved as: /docs/concepts/#24-snapshots)
- Broken anchor on source page path = /docs/next/snapshots-and-backups/setup-disaster-recovery-volumes:
   -> linking to ../../concepts/#33-disaster-recovery-volumes (resolved as: /docs/concepts/#33-disaster-recovery-volumes)
   -> linking to ../../references/settings/#allow-volume-creation-with-degraded-availability (resolved as: /docs/references/settings/#allow-volume-creation-with-degraded-availability)
- Broken anchor on source page path = /docs/next/terminology:
   -> linking to ../concepts/#241-how-snapshots-work (resolved as: /docs/concepts/#241-how-snapshots-work)
   -> linking to ../advanced-resources/system-backup-restore/backup-longhorn-system/#longhorn-system-backup-bundle (resolved as: /docs/advanced-resources/system-backup-restore/backup-longhorn-system/#longhorn-system-backup-bundle)
- Broken anchor on source page path = /docs/concepts:
   -> linking to #appendix-how-persistent-storage-works-in-kubernetes (resolved as: /docs/concepts#appendix-how-persistent-storage-works-in-kubernetes)
   -> linking to #1-design (resolved as: /docs/concepts#1-design)
   -> linking to #2-longhorn-volumes-and-primary-storage (resolved as: /docs/concepts#2-longhorn-volumes-and-primary-storage)
   -> linking to #3-backups-and-secondary-storage (resolved as: /docs/concepts#3-backups-and-secondary-storage)
- Broken anchor on source page path = /docs/deploy/important-notes/:
   -> linking to ../../references/settings/#kubernetes-taint-toleration (resolved as: /docs/references/settings/#kubernetes-taint-toleration)
   -> linking to ../../references/settings/#priority-class (resolved as: /docs/references/settings/#priority-class)
   -> linking to ../../references/settings/#system-managed-components-node-selector (resolved as: /docs/references/settings/#system-managed-components-node-selector)
   -> linking to ../../references/settings/#storage-network (resolved as: /docs/references/settings/#storage-network)
   -> linking to ../../references/settings/#v1-data-engine (resolved as: /docs/references/settings/#v1-data-engine)
   -> linking to ../../references/settings/#v2-data-engine (resolved as: /docs/references/settings/#v2-data-engine)
   -> linking to ../../references/settings/#guaranteed-instance-manager-cpu (resolved as: /docs/references/settings/#guaranteed-instance-manager-cpu)
   -> linking to ../../references/settings/#guaranteed-instance-manager-cpu-for-v2-data-engine (resolved as: /docs/references/settings/#guaranteed-instance-manager-cpu-for-v2-data-engine)
- Broken anchor on source page path = /docs/deploy/install/airgap:
   -> linking to #using-a-rancher-app (resolved as: /docs/deploy/install/airgap#using-a-rancher-app)

[SUCCESS] Generated static files in "build".
[INFO] Use `npm run serve` command to test your build locally.
Done in 27.50s.
